# JRE version: OpenJDK Runtime Environment (17.0.7) (build 17.0.7+0-b2043.56-10550314)
# Java VM: OpenJDK 64-Bit Server VM (17.0.7+0-b2043.56-10550314, mixed mode, tiered, compressed oops, compressed class ptrs, g1 gc, windows-amd64)
GC Precious Log:
 CPUs: 12 total, 12 available
 Memory: 7598M
 Large Page Support: Disabled
 NUMA Support: Disabled
 Compressed Oops: Enabled (32-bit)
 Heap Region Size: 1M
 Heap Min Capacity: 8M
 Heap Initial Capacity: 120M
 Heap Max Capacity: 1G
 Pre-touch: Disabled
 Parallel Workers: 10
 Concurrent Workers: 3
 Concurrent Refinement Workers: 10
 Periodic GC: Disabled
Heap:
 garbage-first heap   total 321536K, used 264103K [0x00000000c0000000, 0x0000000100000000)
  region size 1024K, 21 young (21504K), 5 survivors (5120K)
 Metaspace       used 120996K, committed 122176K, reserved 1179648K
  class space    used 16362K, committed 16960K, reserved 1048576K
GC Heap History (20 events):
Event: 22.946 GC heap before
{Heap before GC invocations=76 (full 0):
 garbage-first heap   total 321536K, used 268759K [0x00000000c0000000, 0x0000000100000000)
  region size 1024K, 76 young (77824K), 10 survivors (10240K)
 Metaspace       used 108986K, committed 109824K, reserved 1179648K
  class space    used 14860K, committed 15232K, reserved 1048576K
}
Event: 22.961 GC heap after
{Heap after GC invocations=77 (full 0):
 garbage-first heap   total 321536K, used 202830K [0x00000000c0000000, 0x0000000100000000)
  region size 1024K, 6 young (6144K), 6 survivors (6144K)
 Metaspace       used 108986K, committed 109824K, reserved 1179648K
  class space    used 14860K, committed 15232K, reserved 1048576K
}
Event: 23.199 GC heap before
{Heap before GC invocations=77 (full 0):
 garbage-first heap   total 321536K, used 267342K [0x00000000c0000000, 0x0000000100000000)
  region size 1024K, 70 young (71680K), 6 survivors (6144K)
 Metaspace       used 109253K, committed 110080K, reserved 1179648K
  class space    used 14880K, committed 15296K, reserved 1048576K
}
Event: 23.207 GC heap after
{Heap after GC invocations=78 (full 0):
 garbage-first heap   total 321536K, used 209193K [0x00000000c0000000, 0x0000000100000000)
  region size 1024K, 7 young (7168K), 7 survivors (7168K)
 Metaspace       used 109253K, committed 110080K, reserved 1179648K
  class space    used 14880K, committed 15296K, reserved 1048576K
}
Event: 23.700 GC heap before
{Heap before GC invocations=78 (full 0):
 garbage-first heap   total 321536K, used 271657K [0x00000000c0000000, 0x0000000100000000)
  region size 1024K, 68 young (69632K), 7 survivors (7168K)
 Metaspace       used 110135K, committed 110976K, reserved 1179648K
  class space    used 14966K, committed 15360K, reserved 1048576K
}
Event: 23.710 GC heap after
{Heap after GC invocations=79 (full 0):
 garbage-first heap   total 321536K, used 214122K [0x00000000c0000000, 0x0000000100000000)
  region size 1024K, 7 young (7168K), 7 survivors (7168K)
 Metaspace       used 110135K, committed 110976K, reserved 1179648K
  class space    used 14966K, committed 15360K, reserved 1048576K
}
Event: 24.157 GC heap before
{Heap before GC invocations=79 (full 0):
 garbage-first heap   total 321536K, used 271466K [0x00000000c0000000, 0x0000000100000000)
  region size 1024K, 63 young (64512K), 7 survivors (7168K)
 Metaspace       used 111766K, committed 112640K, reserved 1179648K
  class space    used 15160K, committed 15616K, reserved 1048576K
}
Event: 24.168 GC heap after
{Heap after GC invocations=80 (full 0):
 garbage-first heap   total 321536K, used 217341K [0x00000000c0000000, 0x0000000100000000)
  region size 1024K, 4 young (4096K), 4 survivors (4096K)
 Metaspace       used 111766K, committed 112640K, reserved 1179648K
  class space    used 15160K, committed 15616K, reserved 1048576K
}
Event: 24.957 GC heap before
{Heap before GC invocations=80 (full 0):
 garbage-first heap   total 321536K, used 273661K [0x00000000c0000000, 0x0000000100000000)
  region size 1024K, 59 young (60416K), 4 survivors (4096K)
 Metaspace       used 115308K, committed 116416K, reserved 1179648K
  class space    used 15589K, committed 16128K, reserved 1048576K
}
Event: 24.964 GC heap after
{Heap after GC invocations=81 (full 0):
 garbage-first heap   total 321536K, used 222895K [0x00000000c0000000, 0x0000000100000000)
  region size 1024K, 8 young (8192K), 8 survivors (8192K)
 Metaspace       used 115308K, committed 116416K, reserved 1179648K
  class space    used 15589K, committed 16128K, reserved 1048576K
}
Event: 135.436 GC heap before
{Heap before GC invocations=81 (full 0):
 garbage-first heap   total 321536K, used 273071K [0x00000000c0000000, 0x0000000100000000)
  region size 1024K, 58 young (59392K), 8 survivors (8192K)
 Metaspace       used 117828K, committed 118976K, reserved 1179648K
  class space    used 15952K, committed 16512K, reserved 1048576K
}
Event: 135.557 GC heap after
{Heap after GC invocations=82 (full 0):
 garbage-first heap   total 321536K, used 226294K [0x00000000c0000000, 0x0000000100000000)
  region size 1024K, 4 young (4096K), 4 survivors (4096K)
 Metaspace       used 117828K, committed 118976K, reserved 1179648K
  class space    used 15952K, committed 16512K, reserved 1048576K
}
Event: 137.034 GC heap before
{Heap before GC invocations=82 (full 0):
 garbage-first heap   total 321536K, used 275446K [0x00000000c0000000, 0x0000000100000000)
  region size 1024K, 52 young (53248K), 4 survivors (4096K)
 Metaspace       used 118636K, committed 119808K, reserved 1179648K
  class space    used 16044K, committed 16640K, reserved 1048576K
}
Event: 137.048 GC heap after
{Heap after GC invocations=83 (full 0):
 garbage-first heap   total 321536K, used 232576K [0x00000000c0000000, 0x0000000100000000)
  region size 1024K, 7 young (7168K), 7 survivors (7168K)
 Metaspace       used 118636K, committed 119808K, reserved 1179648K
  class space    used 16044K, committed 16640K, reserved 1048576K
}
Event: 137.553 GC heap before
{Heap before GC invocations=83 (full 0):
 garbage-first heap   total 321536K, used 275584K [0x00000000c0000000, 0x0000000100000000)
  region size 1024K, 49 young (50176K), 7 survivors (7168K)
 Metaspace       used 120201K, committed 121344K, reserved 1179648K
  class space    used 16243K, committed 16832K, reserved 1048576K
}
Event: 137.570 GC heap after
{Heap after GC invocations=84 (full 0):
 garbage-first heap   total 321536K, used 237417K [0x00000000c0000000, 0x0000000100000000)
  region size 1024K, 5 young (5120K), 5 survivors (5120K)
 Metaspace       used 120201K, committed 121344K, reserved 1179648K
  class space    used 16243K, committed 16832K, reserved 1048576K
}
Event: 137.758 GC heap before
{Heap before GC invocations=84 (full 0):
 garbage-first heap   total 321536K, used 276329K [0x00000000c0000000, 0x0000000100000000)
  region size 1024K, 43 young (44032K), 5 survivors (5120K)
 Metaspace       used 120279K, committed 121472K, reserved 1179648K
  class space    used 16249K, committed 16832K, reserved 1048576K
}
Event: 137.770 GC heap after
{Heap after GC invocations=85 (full 0):
 garbage-first heap   total 321536K, used 243937K [0x00000000c0000000, 0x0000000100000000)
  region size 1024K, 6 young (6144K), 6 survivors (6144K)
 Metaspace       used 120279K, committed 121472K, reserved 1179648K
  class space    used 16249K, committed 16832K, reserved 1048576K
}
Event: 138.236 GC heap before
{Heap before GC invocations=85 (full 0):
 garbage-first heap   total 321536K, used 276705K [0x00000000c0000000, 0x0000000100000000)
  region size 1024K, 38 young (38912K), 6 survivors (6144K)
 Metaspace       used 120887K, committed 122048K, reserved 1179648K
  class space    used 16357K, committed 16960K, reserved 1048576K
}
Event: 138.252 GC heap after
{Heap after GC invocations=86 (full 0):
 garbage-first heap   total 321536K, used 249767K [0x00000000c0000000, 0x0000000100000000)
  region size 1024K, 5 young (5120K), 5 survivors (5120K)
 Metaspace       used 120887K, committed 122048K, reserved 1179648K
  class space    used 16357K, committed 16960K, reserved 1048576K
}

