# JRE version: OpenJDK Runtime Environment (17.0.7) (build 17.0.7+0-b2043.56-10550314)
# Java VM: OpenJDK 64-Bit Server VM (17.0.7+0-b2043.56-10550314, mixed mode, tiered, compressed oops, compressed class ptrs, g1 gc, windows-amd64)
GC Precious Log:
 CPUs: 12 total, 12 available
 Memory: 7598M
 Large Page Support: Disabled
 NUMA Support: Disabled
 Compressed Oops: Enabled (32-bit)
 Heap Region Size: 1M
 Heap Min Capacity: 8M
 Heap Initial Capacity: 120M
 Heap Max Capacity: 2G
 Pre-touch: Disabled
 Parallel Workers: 10
 Concurrent Workers: 3
 Concurrent Refinement Workers: 10
 Periodic GC: Disabled
Heap:
 garbage-first heap   total 150528K, used 117167K [0x0000000080000000, 0x0000000100000000)
  region size 1024K, 34 young (34816K), 2 survivors (2048K)
 Metaspace       used 63674K, committed 64384K, reserved 1114112K
  class space    used 9079K, committed 9408K, reserved 1048576K
GC Heap History (20 events):
Event: 6.555 GC heap before
{Heap before GC invocations=19 (full 0):
 garbage-first heap   total 109568K, used 72248K [0x0000000080000000, 0x0000000100000000)
  region size 1024K, 17 young (17408K), 2 survivors (2048K)
 Metaspace       used 48037K, committed 48576K, reserved 1114112K
  class space    used 6405K, committed 6656K, reserved 1048576K
}
Event: 6.558 GC heap after
{Heap after GC invocations=20 (full 0):
 garbage-first heap   total 109568K, used 60192K [0x0000000080000000, 0x0000000100000000)
  region size 1024K, 4 young (4096K), 4 survivors (4096K)
 Metaspace       used 48037K, committed 48576K, reserved 1114112K
  class space    used 6405K, committed 6656K, reserved 1048576K
}
Event: 6.773 GC heap before
{Heap before GC invocations=21 (full 0):
 garbage-first heap   total 109568K, used 76576K [0x0000000080000000, 0x0000000100000000)
  region size 1024K, 19 young (19456K), 4 survivors (4096K)
 Metaspace       used 49064K, committed 49472K, reserved 1114112K
  class space    used 6523K, committed 6720K, reserved 1048576K
}
Event: 6.777 GC heap after
{Heap after GC invocations=22 (full 0):
 garbage-first heap   total 109568K, used 65807K [0x0000000080000000, 0x0000000100000000)
  region size 1024K, 3 young (3072K), 3 survivors (3072K)
 Metaspace       used 49064K, committed 49472K, reserved 1114112K
  class space    used 6523K, committed 6720K, reserved 1048576K
}
Event: 7.099 GC heap before
{Heap before GC invocations=23 (full 0):
 garbage-first heap   total 117760K, used 89359K [0x0000000080000000, 0x0000000100000000)
  region size 1024K, 24 young (24576K), 3 survivors (3072K)
 Metaspace       used 50848K, committed 51392K, reserved 1114112K
  class space    used 6694K, committed 6912K, reserved 1048576K
}
Event: 7.101 GC heap after
{Heap after GC invocations=24 (full 0):
 garbage-first heap   total 117760K, used 65964K [0x0000000080000000, 0x0000000100000000)
  region size 1024K, 1 young (1024K), 1 survivors (1024K)
 Metaspace       used 50848K, committed 51392K, reserved 1114112K
  class space    used 6694K, committed 6912K, reserved 1048576K
}
Event: 7.611 GC heap before
{Heap before GC invocations=24 (full 0):
 garbage-first heap   total 117760K, used 93612K [0x0000000080000000, 0x0000000100000000)
  region size 1024K, 28 young (28672K), 1 survivors (1024K)
 Metaspace       used 53532K, committed 54080K, reserved 1114112K
  class space    used 7192K, committed 7424K, reserved 1048576K
}
Event: 7.614 GC heap after
{Heap after GC invocations=25 (full 0):
 garbage-first heap   total 117760K, used 68035K [0x0000000080000000, 0x0000000100000000)
  region size 1024K, 3 young (3072K), 3 survivors (3072K)
 Metaspace       used 53532K, committed 54080K, reserved 1114112K
  class space    used 7192K, committed 7424K, reserved 1048576K
}
Event: 8.175 GC heap before
{Heap before GC invocations=26 (full 0):
 garbage-first heap   total 117760K, used 93635K [0x0000000080000000, 0x0000000100000000)
  region size 1024K, 29 young (29696K), 3 survivors (3072K)
 Metaspace       used 56526K, committed 57088K, reserved 1114112K
  class space    used 7682K, committed 7936K, reserved 1048576K
}
Event: 8.178 GC heap after
{Heap after GC invocations=27 (full 0):
 garbage-first heap   total 117760K, used 69388K [0x0000000080000000, 0x0000000100000000)
  region size 1024K, 2 young (2048K), 2 survivors (2048K)
 Metaspace       used 56526K, committed 57088K, reserved 1114112K
  class space    used 7682K, committed 7936K, reserved 1048576K
}
Event: 8.250 GC heap before
{Heap before GC invocations=27 (full 0):
 garbage-first heap   total 117760K, used 72460K [0x0000000080000000, 0x0000000100000000)
  region size 1024K, 5 young (5120K), 2 survivors (2048K)
 Metaspace       used 56850K, committed 57408K, reserved 1114112K
  class space    used 7737K, committed 8000K, reserved 1048576K
}
Event: 8.252 GC heap after
{Heap after GC invocations=28 (full 0):
 garbage-first heap   total 117760K, used 69527K [0x0000000080000000, 0x0000000100000000)
  region size 1024K, 1 young (1024K), 1 survivors (1024K)
 Metaspace       used 56850K, committed 57408K, reserved 1114112K
  class space    used 7737K, committed 8000K, reserved 1048576K
}
Event: 8.883 GC heap before
{Heap before GC invocations=28 (full 0):
 garbage-first heap   total 117760K, used 95127K [0x0000000080000000, 0x0000000100000000)
  region size 1024K, 27 young (27648K), 1 survivors (1024K)
 Metaspace       used 57672K, committed 58368K, reserved 1114112K
  class space    used 7808K, committed 8128K, reserved 1048576K
}
Event: 8.887 GC heap after
{Heap after GC invocations=29 (full 0):
 garbage-first heap   total 117760K, used 73107K [0x0000000080000000, 0x0000000100000000)
  region size 1024K, 4 young (4096K), 4 survivors (4096K)
 Metaspace       used 57672K, committed 58368K, reserved 1114112K
  class space    used 7808K, committed 8128K, reserved 1048576K
}
Event: 9.398 GC heap before
{Heap before GC invocations=30 (full 0):
 garbage-first heap   total 124928K, used 95635K [0x0000000080000000, 0x0000000100000000)
  region size 1024K, 27 young (27648K), 4 survivors (4096K)
 Metaspace       used 61412K, committed 62080K, reserved 1114112K
  class space    used 8754K, committed 9088K, reserved 1048576K
}
Event: 9.402 GC heap after
{Heap after GC invocations=31 (full 0):
 garbage-first heap   total 124928K, used 74117K [0x0000000080000000, 0x0000000100000000)
  region size 1024K, 2 young (2048K), 2 survivors (2048K)
 Metaspace       used 61412K, committed 62080K, reserved 1114112K
  class space    used 8754K, committed 9088K, reserved 1048576K
}
Event: 9.564 GC heap before
{Heap before GC invocations=31 (full 0):
 garbage-first heap   total 124928K, used 79237K [0x0000000080000000, 0x0000000100000000)
  region size 1024K, 6 young (6144K), 2 survivors (2048K)
 Metaspace       used 61765K, committed 62464K, reserved 1114112K
  class space    used 8805K, committed 9152K, reserved 1048576K
}
Event: 9.565 GC heap after
{Heap after GC invocations=32 (full 0):
 garbage-first heap   total 124928K, used 76724K [0x0000000080000000, 0x0000000100000000)
  region size 1024K, 1 young (1024K), 1 survivors (1024K)
 Metaspace       used 61765K, committed 62464K, reserved 1114112K
  class space    used 8805K, committed 9152K, reserved 1048576K
}
Event: 9.570 GC heap before
{Heap before GC invocations=32 (full 0):
 garbage-first heap   total 124928K, used 76724K [0x0000000080000000, 0x0000000100000000)
  region size 1024K, 2 young (2048K), 1 survivors (1024K)
 Metaspace       used 61769K, committed 62464K, reserved 1114112K
  class space    used 8805K, committed 9152K, reserved 1048576K
}
Event: 9.571 GC heap after
{Heap after GC invocations=33 (full 0):
 garbage-first heap   total 150528K, used 77231K [0x0000000080000000, 0x0000000100000000)
  region size 1024K, 2 young (2048K), 2 survivors (2048K)
 Metaspace       used 61769K, committed 62464K, reserved 1114112K
  class space    used 8805K, committed 9152K, reserved 1048576K
}

