# JRE version: OpenJDK Runtime Environment (17.0.7) (build 17.0.7+0-b2043.56-10550314)
# Java VM: OpenJDK 64-Bit Server VM (17.0.7+0-b2043.56-10550314, mixed mode, tiered, compressed oops, compressed class ptrs, g1 gc, windows-amd64)
GC Precious Log:
 CPUs: 12 total, 12 available
 Memory: 7598M
 Large Page Support: Disabled
 NUMA Support: Disabled
 Compressed Oops: Enabled (32-bit)
 Heap Region Size: 1M
 Heap Min Capacity: 8M
 Heap Initial Capacity: 120M
 Heap Max Capacity: 1G
 Pre-touch: Disabled
 Parallel Workers: 10
 Concurrent Workers: 3
 Concurrent Refinement Workers: 10
 Periodic GC: Disabled
Heap:
 garbage-first heap   total 352256K, used 275984K [0x00000000c0000000, 0x0000000100000000)
  region size 1024K, 61 young (62464K), 11 survivors (11264K)
 Metaspace       used 117791K, committed 118848K, reserved 1179648K
  class space    used 15890K, committed 16384K, reserved 1048576K
GC Heap History (20 events):
Event: 20.391 GC heap before
{Heap before GC invocations=72 (full 0):
 garbage-first heap   total 302080K, used 234735K [0x00000000c0000000, 0x0000000100000000)
  region size 1024K, 63 young (64512K), 6 survivors (6144K)
 Metaspace       used 93695K, committed 94464K, reserved 1179648K
  class space    used 12935K, committed 13312K, reserved 1048576K
}
Event: 20.394 GC heap after
{Heap after GC invocations=73 (full 0):
 garbage-first heap   total 302080K, used 178261K [0x00000000c0000000, 0x0000000100000000)
  region size 1024K, 6 young (6144K), 6 survivors (6144K)
 Metaspace       used 93695K, committed 94464K, reserved 1179648K
  class space    used 12935K, committed 13312K, reserved 1048576K
}
Event: 20.493 GC heap before
{Heap before GC invocations=73 (full 0):
 garbage-first heap   total 302080K, used 185429K [0x00000000c0000000, 0x0000000100000000)
  region size 1024K, 14 young (14336K), 6 survivors (6144K)
 Metaspace       used 93695K, committed 94464K, reserved 1179648K
  class space    used 12935K, committed 13312K, reserved 1048576K
}
Event: 20.497 GC heap after
{Heap after GC invocations=74 (full 0):
 garbage-first heap   total 302080K, used 176554K [0x00000000c0000000, 0x0000000100000000)
  region size 1024K, 2 young (2048K), 2 survivors (2048K)
 Metaspace       used 93695K, committed 94464K, reserved 1179648K
  class space    used 12935K, committed 13312K, reserved 1048576K
}
Event: 21.176 GC heap before
{Heap before GC invocations=74 (full 0):
 garbage-first heap   total 302080K, used 273834K [0x00000000c0000000, 0x0000000100000000)
  region size 1024K, 78 young (79872K), 2 survivors (2048K)
 Metaspace       used 96614K, committed 97408K, reserved 1179648K
  class space    used 13229K, committed 13632K, reserved 1048576K
}
Event: 21.183 GC heap after
{Heap after GC invocations=75 (full 0):
 garbage-first heap   total 302080K, used 186025K [0x00000000c0000000, 0x0000000100000000)
  region size 1024K, 10 young (10240K), 10 survivors (10240K)
 Metaspace       used 96614K, committed 97408K, reserved 1179648K
  class space    used 13229K, committed 13632K, reserved 1048576K
}
Event: 22.130 GC heap before
{Heap before GC invocations=75 (full 0):
 garbage-first heap   total 302080K, used 248489K [0x00000000c0000000, 0x0000000100000000)
  region size 1024K, 72 young (73728K), 10 survivors (10240K)
 Metaspace       used 102947K, committed 103744K, reserved 1179648K
  class space    used 14123K, committed 14528K, reserved 1048576K
}
Event: 22.137 GC heap after
{Heap after GC invocations=76 (full 0):
 garbage-first heap   total 302080K, used 190076K [0x00000000c0000000, 0x0000000100000000)
  region size 1024K, 4 young (4096K), 4 survivors (4096K)
 Metaspace       used 102947K, committed 103744K, reserved 1179648K
  class space    used 14123K, committed 14528K, reserved 1048576K
}
Event: 22.729 GC heap before
{Heap before GC invocations=76 (full 0):
 garbage-first heap   total 302080K, used 256636K [0x00000000c0000000, 0x0000000100000000)
  region size 1024K, 65 young (66560K), 4 survivors (4096K)
 Metaspace       used 106775K, committed 107584K, reserved 1179648K
  class space    used 14496K, committed 14848K, reserved 1048576K
}
Event: 22.735 GC heap after
{Heap after GC invocations=77 (full 0):
 garbage-first heap   total 302080K, used 196762K [0x00000000c0000000, 0x0000000100000000)
  region size 1024K, 9 young (9216K), 9 survivors (9216K)
 Metaspace       used 106775K, committed 107584K, reserved 1179648K
  class space    used 14496K, committed 14848K, reserved 1048576K
}
Event: 23.124 GC heap before
{Heap before GC invocations=78 (full 0):
 garbage-first heap   total 352256K, used 246938K [0x00000000c0000000, 0x0000000100000000)
  region size 1024K, 59 young (60416K), 9 survivors (9216K)
 Metaspace       used 107587K, committed 108416K, reserved 1179648K
  class space    used 14582K, committed 14976K, reserved 1048576K
}
Event: 23.189 GC heap after
{Heap after GC invocations=79 (full 0):
 garbage-first heap   total 352256K, used 202121K [0x00000000c0000000, 0x0000000100000000)
  region size 1024K, 7 young (7168K), 7 survivors (7168K)
 Metaspace       used 107587K, committed 108416K, reserved 1179648K
  class space    used 14582K, committed 14976K, reserved 1048576K
}
Event: 23.301 GC heap before
{Heap before GC invocations=79 (full 0):
 garbage-first heap   total 352256K, used 212361K [0x00000000c0000000, 0x0000000100000000)
  region size 1024K, 17 young (17408K), 7 survivors (7168K)
 Metaspace       used 108253K, committed 109120K, reserved 1179648K
  class space    used 14656K, committed 15040K, reserved 1048576K
}
Event: 23.337 GC heap after
{Heap after GC invocations=80 (full 0):
 garbage-first heap   total 352256K, used 201009K [0x00000000c0000000, 0x0000000100000000)
  region size 1024K, 2 young (2048K), 2 survivors (2048K)
 Metaspace       used 108253K, committed 109120K, reserved 1179648K
  class space    used 14656K, committed 15040K, reserved 1048576K
}
Event: 24.450 GC heap before
{Heap before GC invocations=80 (full 0):
 garbage-first heap   total 352256K, used 291121K [0x00000000c0000000, 0x0000000100000000)
  region size 1024K, 90 young (92160K), 2 survivors (2048K)
 Metaspace       used 112551K, committed 113472K, reserved 1179648K
  class space    used 15185K, committed 15616K, reserved 1048576K
}
Event: 24.458 GC heap after
{Heap after GC invocations=81 (full 0):
 garbage-first heap   total 352256K, used 208662K [0x00000000c0000000, 0x0000000100000000)
  region size 1024K, 9 young (9216K), 9 survivors (9216K)
 Metaspace       used 112551K, committed 113472K, reserved 1179648K
  class space    used 15185K, committed 15616K, reserved 1048576K
}
Event: 46.848 GC heap before
{Heap before GC invocations=81 (full 0):
 garbage-first heap   total 352256K, used 290582K [0x00000000c0000000, 0x0000000100000000)
  region size 1024K, 90 young (92160K), 9 survivors (9216K)
 Metaspace       used 115185K, committed 116160K, reserved 1179648K
  class space    used 15537K, committed 16000K, reserved 1048576K
}
Event: 46.991 GC heap after
{Heap after GC invocations=82 (full 0):
 garbage-first heap   total 352256K, used 216079K [0x00000000c0000000, 0x0000000100000000)
  region size 1024K, 8 young (8192K), 8 survivors (8192K)
 Metaspace       used 115185K, committed 116160K, reserved 1179648K
  class space    used 15537K, committed 16000K, reserved 1048576K
}
Event: 48.187 GC heap before
{Heap before GC invocations=82 (full 0):
 garbage-first heap   total 352256K, used 293903K [0x00000000c0000000, 0x0000000100000000)
  region size 1024K, 84 young (86016K), 8 survivors (8192K)
 Metaspace       used 117308K, committed 118336K, reserved 1179648K
  class space    used 15851K, committed 16384K, reserved 1048576K
}
Event: 48.201 GC heap after
{Heap after GC invocations=83 (full 0):
 garbage-first heap   total 352256K, used 226832K [0x00000000c0000000, 0x0000000100000000)
  region size 1024K, 11 young (11264K), 11 survivors (11264K)
 Metaspace       used 117308K, committed 118336K, reserved 1179648K
  class space    used 15851K, committed 16384K, reserved 1048576K
}

