# JRE version: OpenJDK Runtime Environment (17.0.7) (build 17.0.7+0-b2043.56-10550314)
# Java VM: OpenJDK 64-Bit Server VM (17.0.7+0-b2043.56-10550314, mixed mode, tiered, compressed oops, compressed class ptrs, g1 gc, windows-amd64)
GC Precious Log:
 CPUs: 12 total, 12 available
 Memory: 7598M
 Large Page Support: Disabled
 NUMA Support: Disabled
 Compressed Oops: Enabled (32-bit)
 Heap Region Size: 1M
 Heap Min Capacity: 8M
 Heap Initial Capacity: 120M
 Heap Max Capacity: 2G
 Pre-touch: Disabled
 Parallel Workers: 10
 Concurrent Workers: 3
 Concurrent Refinement Workers: 10
 Periodic GC: Disabled
Heap:
 garbage-first heap   total 161792K, used 97960K [0x0000000080000000, 0x0000000100000000)
  region size 1024K, 50 young (51200K), 1 survivors (1024K)
 Metaspace       used 40172K, committed 40576K, reserved 1114112K
  class space    used 5453K, committed 5632K, reserved 1048576K
GC Heap History (20 events):
Event: 0.797 GC heap before
{Heap before GC invocations=0 (full 0):
 garbage-first heap   total 122880K, used 26624K [0x0000000080000000, 0x0000000100000000)
  region size 1024K, 23 young (23552K), 0 survivors (0K)
 Metaspace       used 10399K, committed 10560K, reserved 1114112K
  class space    used 1074K, committed 1152K, reserved 1048576K
}
Event: 0.803 GC heap after
{Heap after GC invocations=1 (full 0):
 garbage-first heap   total 122880K, used 10320K [0x0000000080000000, 0x0000000100000000)
  region size 1024K, 3 young (3072K), 3 survivors (3072K)
 Metaspace       used 10399K, committed 10560K, reserved 1114112K
  class space    used 1074K, committed 1152K, reserved 1048576K
}
Event: 1.069 GC heap before
{Heap before GC invocations=1 (full 0):
 garbage-first heap   total 122880K, used 38992K [0x0000000080000000, 0x0000000100000000)
  region size 1024K, 31 young (31744K), 3 survivors (3072K)
 Metaspace       used 11460K, committed 11648K, reserved 1114112K
  class space    used 1193K, committed 1280K, reserved 1048576K
}
Event: 1.074 GC heap after
{Heap after GC invocations=2 (full 0):
 garbage-first heap   total 122880K, used 11195K [0x0000000080000000, 0x0000000100000000)
  region size 1024K, 1 young (1024K), 1 survivors (1024K)
 Metaspace       used 11460K, committed 11648K, reserved 1114112K
  class space    used 1193K, committed 1280K, reserved 1048576K
}
Event: 2.366 GC heap before
{Heap before GC invocations=2 (full 0):
 garbage-first heap   total 122880K, used 60347K [0x0000000080000000, 0x0000000100000000)
  region size 1024K, 49 young (50176K), 1 survivors (1024K)
 Metaspace       used 21330K, committed 21504K, reserved 1114112K
  class space    used 2561K, committed 2624K, reserved 1048576K
}
Event: 2.371 GC heap after
{Heap after GC invocations=3 (full 0):
 garbage-first heap   total 122880K, used 18897K [0x0000000080000000, 0x0000000100000000)
  region size 1024K, 9 young (9216K), 9 survivors (9216K)
 Metaspace       used 21330K, committed 21504K, reserved 1114112K
  class space    used 2561K, committed 2624K, reserved 1048576K
}
Event: 3.076 GC heap before
{Heap before GC invocations=4 (full 0):
 garbage-first heap   total 71680K, used 51665K [0x0000000080000000, 0x0000000100000000)
  region size 1024K, 42 young (43008K), 9 survivors (9216K)
 Metaspace       used 26159K, committed 26496K, reserved 1114112K
  class space    used 3415K, committed 3584K, reserved 1048576K
}
Event: 3.081 GC heap after
{Heap after GC invocations=5 (full 0):
 garbage-first heap   total 71680K, used 20533K [0x0000000080000000, 0x0000000100000000)
  region size 1024K, 3 young (3072K), 3 survivors (3072K)
 Metaspace       used 26159K, committed 26496K, reserved 1114112K
  class space    used 3415K, committed 3584K, reserved 1048576K
}
Event: 3.099 GC heap before
{Heap before GC invocations=5 (full 0):
 garbage-first heap   total 71680K, used 21557K [0x0000000080000000, 0x0000000100000000)
  region size 1024K, 4 young (4096K), 3 survivors (3072K)
 Metaspace       used 26270K, committed 26624K, reserved 1114112K
  class space    used 3439K, committed 3584K, reserved 1048576K
}
Event: 3.101 GC heap after
{Heap after GC invocations=6 (full 0):
 garbage-first heap   total 71680K, used 20822K [0x0000000080000000, 0x0000000100000000)
  region size 1024K, 1 young (1024K), 1 survivors (1024K)
 Metaspace       used 26270K, committed 26624K, reserved 1114112K
  class space    used 3439K, committed 3584K, reserved 1048576K
}
Event: 3.577 GC heap before
{Heap before GC invocations=6 (full 0):
 garbage-first heap   total 71680K, used 56662K [0x0000000080000000, 0x0000000100000000)
  region size 1024K, 30 young (30720K), 1 survivors (1024K)
 Metaspace       used 29923K, committed 30272K, reserved 1114112K
  class space    used 4062K, committed 4224K, reserved 1048576K
}
Event: 3.580 GC heap after
{Heap after GC invocations=7 (full 0):
 garbage-first heap   total 71680K, used 31368K [0x0000000080000000, 0x0000000100000000)
  region size 1024K, 4 young (4096K), 4 survivors (4096K)
 Metaspace       used 29923K, committed 30272K, reserved 1114112K
  class space    used 4062K, committed 4224K, reserved 1048576K
}
Event: 3.584 GC heap before
{Heap before GC invocations=7 (full 0):
 garbage-first heap   total 71680K, used 31368K [0x0000000080000000, 0x0000000100000000)
  region size 1024K, 5 young (5120K), 4 survivors (4096K)
 Metaspace       used 29924K, committed 30272K, reserved 1114112K
  class space    used 4062K, committed 4224K, reserved 1048576K
}
Event: 3.586 GC heap after
{Heap after GC invocations=8 (full 0):
 garbage-first heap   total 71680K, used 32003K [0x0000000080000000, 0x0000000100000000)
  region size 1024K, 1 young (1024K), 1 survivors (1024K)
 Metaspace       used 29924K, committed 30272K, reserved 1114112K
  class space    used 4062K, committed 4224K, reserved 1048576K
}
Event: 3.602 GC heap before
{Heap before GC invocations=8 (full 0):
 garbage-first heap   total 71680K, used 44291K [0x0000000080000000, 0x0000000100000000)
  region size 1024K, 2 young (2048K), 1 survivors (1024K)
 Metaspace       used 29924K, committed 30272K, reserved 1114112K
  class space    used 4062K, committed 4224K, reserved 1048576K
}
Event: 3.603 GC heap after
{Heap after GC invocations=9 (full 0):
 garbage-first heap   total 71680K, used 44206K [0x0000000080000000, 0x0000000100000000)
  region size 1024K, 1 young (1024K), 1 survivors (1024K)
 Metaspace       used 29924K, committed 30272K, reserved 1114112K
  class space    used 4062K, committed 4224K, reserved 1048576K
}
Event: 3.778 GC heap before
{Heap before GC invocations=10 (full 0):
 garbage-first heap   total 80896K, used 55470K [0x0000000080000000, 0x0000000100000000)
  region size 1024K, 11 young (11264K), 1 survivors (1024K)
 Metaspace       used 31052K, committed 31424K, reserved 1114112K
  class space    used 4229K, committed 4416K, reserved 1048576K
}
Event: 3.779 GC heap after
{Heap after GC invocations=11 (full 0):
 garbage-first heap   total 161792K, used 48835K [0x0000000080000000, 0x0000000100000000)
  region size 1024K, 2 young (2048K), 2 survivors (2048K)
 Metaspace       used 31052K, committed 31424K, reserved 1114112K
  class space    used 4229K, committed 4416K, reserved 1048576K
}
Event: 3.843 GC heap before
{Heap before GC invocations=11 (full 0):
 garbage-first heap   total 161792K, used 53955K [0x0000000080000000, 0x0000000100000000)
  region size 1024K, 7 young (7168K), 2 survivors (2048K)
 Metaspace       used 31562K, committed 31936K, reserved 1114112K
  class space    used 4316K, committed 4480K, reserved 1048576K
}
Event: 3.844 GC heap after
{Heap after GC invocations=12 (full 0):
 garbage-first heap   total 161792K, used 48808K [0x0000000080000000, 0x0000000100000000)
  region size 1024K, 1 young (1024K), 1 survivors (1024K)
 Metaspace       used 31562K, committed 31936K, reserved 1114112K
  class space    used 4316K, committed 4480K, reserved 1048576K
}

