# JRE version: OpenJDK Runtime Environment (17.0.7) (build 17.0.7+0-b2043.56-10550314)
# Java VM: OpenJDK 64-Bit Server VM (17.0.7+0-b2043.56-10550314, mixed mode, tiered, compressed oops, compressed class ptrs, g1 gc, windows-amd64)
GC Precious Log:
 CPUs: 12 total, 12 available
 Memory: 7598M
 Large Page Support: Disabled
 NUMA Support: Disabled
 Compressed Oops: Enabled (32-bit)
 Heap Region Size: 1M
 Heap Min Capacity: 8M
 Heap Initial Capacity: 120M
 Heap Max Capacity: 1G
 Pre-touch: Disabled
 Parallel Workers: 10
 Concurrent Workers: 3
 Concurrent Refinement Workers: 10
 Periodic GC: Disabled
Heap:
 garbage-first heap   total 302080K, used 213132K [0x00000000c0000000, 0x0000000100000000)
  region size 1024K, 16 young (16384K), 6 survivors (6144K)
 Metaspace       used 96168K, committed 96896K, reserved 1179648K
  class space    used 13349K, committed 13696K, reserved 1048576K
GC Heap History (20 events):
Event: 26.507 GC heap before
{Heap before GC invocations=54 (full 0):
 garbage-first heap   total 275456K, used 222847K [0x00000000c0000000, 0x0000000100000000)
  region size 1024K, 52 young (53248K), 4 survivors (4096K)
 Metaspace       used 96123K, committed 96832K, reserved 1179648K
  class space    used 13339K, committed 13696K, reserved 1048576K
}
Event: 26.509 GC heap after
{Heap after GC invocations=55 (full 0):
 garbage-first heap   total 275456K, used 174856K [0x00000000c0000000, 0x0000000100000000)
  region size 1024K, 5 young (5120K), 5 survivors (5120K)
 Metaspace       used 96123K, committed 96832K, reserved 1179648K
  class space    used 13339K, committed 13696K, reserved 1048576K
}
Event: 26.833 GC heap before
{Heap before GC invocations=55 (full 0):
 garbage-first heap   total 275456K, used 226056K [0x00000000c0000000, 0x0000000100000000)
  region size 1024K, 55 young (56320K), 5 survivors (5120K)
 Metaspace       used 96124K, committed 96832K, reserved 1179648K
  class space    used 13339K, committed 13696K, reserved 1048576K
}
Event: 26.835 GC heap after
{Heap after GC invocations=56 (full 0):
 garbage-first heap   total 275456K, used 175818K [0x00000000c0000000, 0x0000000100000000)
  region size 1024K, 5 young (5120K), 5 survivors (5120K)
 Metaspace       used 96124K, committed 96832K, reserved 1179648K
  class space    used 13339K, committed 13696K, reserved 1048576K
}
Event: 27.238 GC heap before
{Heap before GC invocations=56 (full 0):
 garbage-first heap   total 275456K, used 228042K [0x00000000c0000000, 0x0000000100000000)
  region size 1024K, 56 young (57344K), 5 survivors (5120K)
 Metaspace       used 96126K, committed 96832K, reserved 1179648K
  class space    used 13339K, committed 13696K, reserved 1048576K
}
Event: 27.241 GC heap after
{Heap after GC invocations=57 (full 0):
 garbage-first heap   total 275456K, used 177129K [0x00000000c0000000, 0x0000000100000000)
  region size 1024K, 5 young (5120K), 5 survivors (5120K)
 Metaspace       used 96126K, committed 96832K, reserved 1179648K
  class space    used 13339K, committed 13696K, reserved 1048576K
}
Event: 28.246 GC heap before
{Heap before GC invocations=57 (full 0):
 garbage-first heap   total 275456K, used 230377K [0x00000000c0000000, 0x0000000100000000)
  region size 1024K, 57 young (58368K), 5 survivors (5120K)
 Metaspace       used 96126K, committed 96832K, reserved 1179648K
  class space    used 13339K, committed 13696K, reserved 1048576K
}
Event: 28.249 GC heap after
{Heap after GC invocations=58 (full 0):
 garbage-first heap   total 275456K, used 178369K [0x00000000c0000000, 0x0000000100000000)
  region size 1024K, 5 young (5120K), 5 survivors (5120K)
 Metaspace       used 96126K, committed 96832K, reserved 1179648K
  class space    used 13339K, committed 13696K, reserved 1048576K
}
Event: 29.119 GC heap before
{Heap before GC invocations=59 (full 0):
 garbage-first heap   total 302080K, used 231617K [0x00000000c0000000, 0x0000000100000000)
  region size 1024K, 57 young (58368K), 5 survivors (5120K)
 Metaspace       used 96126K, committed 96832K, reserved 1179648K
  class space    used 13339K, committed 13696K, reserved 1048576K
}
Event: 29.122 GC heap after
{Heap after GC invocations=60 (full 0):
 garbage-first heap   total 302080K, used 179719K [0x00000000c0000000, 0x0000000100000000)
  region size 1024K, 5 young (5120K), 5 survivors (5120K)
 Metaspace       used 96126K, committed 96832K, reserved 1179648K
  class space    used 13339K, committed 13696K, reserved 1048576K
}
Event: 29.232 GC heap before
{Heap before GC invocations=60 (full 0):
 garbage-first heap   total 302080K, used 188935K [0x00000000c0000000, 0x0000000100000000)
  region size 1024K, 14 young (14336K), 5 survivors (5120K)
 Metaspace       used 96126K, committed 96832K, reserved 1179648K
  class space    used 13339K, committed 13696K, reserved 1048576K
}
Event: 29.235 GC heap after
{Heap after GC invocations=61 (full 0):
 garbage-first heap   total 302080K, used 178106K [0x00000000c0000000, 0x0000000100000000)
  region size 1024K, 2 young (2048K), 2 survivors (2048K)
 Metaspace       used 96126K, committed 96832K, reserved 1179648K
  class space    used 13339K, committed 13696K, reserved 1048576K
}
Event: 29.934 GC heap before
{Heap before GC invocations=61 (full 0):
 garbage-first heap   total 302080K, used 253882K [0x00000000c0000000, 0x0000000100000000)
  region size 1024K, 76 young (77824K), 2 survivors (2048K)
 Metaspace       used 96126K, committed 96832K, reserved 1179648K
  class space    used 13339K, committed 13696K, reserved 1048576K
}
Event: 29.937 GC heap after
{Heap after GC invocations=62 (full 0):
 garbage-first heap   total 302080K, used 180318K [0x00000000c0000000, 0x0000000100000000)
  region size 1024K, 5 young (5120K), 5 survivors (5120K)
 Metaspace       used 96126K, committed 96832K, reserved 1179648K
  class space    used 13339K, committed 13696K, reserved 1048576K
}
Event: 30.459 GC heap before
{Heap before GC invocations=62 (full 0):
 garbage-first heap   total 302080K, used 255070K [0x00000000c0000000, 0x0000000100000000)
  region size 1024K, 78 young (79872K), 5 survivors (5120K)
 Metaspace       used 96126K, committed 96832K, reserved 1179648K
  class space    used 13339K, committed 13696K, reserved 1048576K
}
Event: 30.462 GC heap after
{Heap after GC invocations=63 (full 0):
 garbage-first heap   total 302080K, used 182047K [0x00000000c0000000, 0x0000000100000000)
  region size 1024K, 6 young (6144K), 6 survivors (6144K)
 Metaspace       used 96126K, committed 96832K, reserved 1179648K
  class space    used 13339K, committed 13696K, reserved 1048576K
}
Event: 30.955 GC heap before
{Heap before GC invocations=63 (full 0):
 garbage-first heap   total 302080K, used 256799K [0x00000000c0000000, 0x0000000100000000)
  region size 1024K, 79 young (80896K), 6 survivors (6144K)
 Metaspace       used 96126K, committed 96832K, reserved 1179648K
  class space    used 13339K, committed 13696K, reserved 1048576K
}
Event: 30.959 GC heap after
{Heap after GC invocations=64 (full 0):
 garbage-first heap   total 302080K, used 183822K [0x00000000c0000000, 0x0000000100000000)
  region size 1024K, 6 young (6144K), 6 survivors (6144K)
 Metaspace       used 96126K, committed 96832K, reserved 1179648K
  class space    used 13339K, committed 13696K, reserved 1048576K
}
Event: 31.668 GC heap before
{Heap before GC invocations=64 (full 0):
 garbage-first heap   total 302080K, used 257550K [0x00000000c0000000, 0x0000000100000000)
  region size 1024K, 78 young (79872K), 6 survivors (6144K)
 Metaspace       used 96126K, committed 96832K, reserved 1179648K
  class space    used 13339K, committed 13696K, reserved 1048576K
}
Event: 31.672 GC heap after
{Heap after GC invocations=65 (full 0):
 garbage-first heap   total 302080K, used 185484K [0x00000000c0000000, 0x0000000100000000)
  region size 1024K, 6 young (6144K), 6 survivors (6144K)
 Metaspace       used 96126K, committed 96832K, reserved 1179648K
  class space    used 13339K, committed 13696K, reserved 1048576K
}

