# JRE version: OpenJDK Runtime Environment (17.0.7) (build 17.0.7+0-b2043.56-10550314)
# Java VM: OpenJDK 64-Bit Server VM (17.0.7+0-b2043.56-10550314, mixed mode, tiered, compressed oops, compressed class ptrs, g1 gc, windows-amd64)
GC Precious Log:
 CPUs: 12 total, 12 available
 Memory: 7598M
 Large Page Support: Disabled
 NUMA Support: Disabled
 Compressed Oops: Enabled (32-bit)
 Heap Region Size: 1M
 Heap Min Capacity: 8M
 Heap Initial Capacity: 120M
 Heap Max Capacity: 1G
 Pre-touch: Disabled
 Parallel Workers: 10
 Concurrent Workers: 3
 Concurrent Refinement Workers: 10
 Periodic GC: Disabled
Heap:
 garbage-first heap   total 360448K, used 292452K [0x00000000c0000000, 0x0000000100000000)
  region size 1024K, 100 young (102400K), 10 survivors (10240K)
 Metaspace       used 110167K, committed 111040K, reserved 1179648K
  class space    used 14987K, committed 15424K, reserved 1048576K
GC Heap History (20 events):
Event: 35.848 GC heap before
{Heap before GC invocations=60 (full 0):
 garbage-first heap   total 299008K, used 242790K [0x00000000c0000000, 0x0000000100000000)
  region size 1024K, 69 young (70656K), 4 survivors (4096K)
 Metaspace       used 96322K, committed 97152K, reserved 1179648K
  class space    used 13370K, committed 13760K, reserved 1048576K
}
Event: 35.853 GC heap after
{Heap after GC invocations=61 (full 0):
 garbage-first heap   total 299008K, used 177647K [0x00000000c0000000, 0x0000000100000000)
  region size 1024K, 6 young (6144K), 6 survivors (6144K)
 Metaspace       used 96322K, committed 97152K, reserved 1179648K
  class space    used 13370K, committed 13760K, reserved 1048576K
}
Event: 36.785 GC heap before
{Heap before GC invocations=61 (full 0):
 garbage-first heap   total 299008K, used 245231K [0x00000000c0000000, 0x0000000100000000)
  region size 1024K, 72 young (73728K), 6 survivors (6144K)
 Metaspace       used 96322K, committed 97152K, reserved 1179648K
  class space    used 13370K, committed 13760K, reserved 1048576K
}
Event: 36.790 GC heap after
{Heap after GC invocations=62 (full 0):
 garbage-first heap   total 299008K, used 179568K [0x00000000c0000000, 0x0000000100000000)
  region size 1024K, 6 young (6144K), 6 survivors (6144K)
 Metaspace       used 96322K, committed 97152K, reserved 1179648K
  class space    used 13370K, committed 13760K, reserved 1048576K
}
Event: 37.655 GC heap before
{Heap before GC invocations=63 (full 0):
 garbage-first heap   total 307200K, used 248176K [0x00000000c0000000, 0x0000000100000000)
  region size 1024K, 73 young (74752K), 6 survivors (6144K)
 Metaspace       used 96322K, committed 97152K, reserved 1179648K
  class space    used 13370K, committed 13760K, reserved 1048576K
}
Event: 37.660 GC heap after
{Heap after GC invocations=64 (full 0):
 garbage-first heap   total 307200K, used 181077K [0x00000000c0000000, 0x0000000100000000)
  region size 1024K, 6 young (6144K), 6 survivors (6144K)
 Metaspace       used 96322K, committed 97152K, reserved 1179648K
  class space    used 13370K, committed 13760K, reserved 1048576K
}
Event: 37.779 GC heap before
{Heap before GC invocations=64 (full 0):
 garbage-first heap   total 307200K, used 190293K [0x00000000c0000000, 0x0000000100000000)
  region size 1024K, 15 young (15360K), 6 survivors (6144K)
 Metaspace       used 96322K, committed 97152K, reserved 1179648K
  class space    used 13370K, committed 13760K, reserved 1048576K
}
Event: 37.783 GC heap after
{Heap after GC invocations=65 (full 0):
 garbage-first heap   total 307200K, used 179821K [0x00000000c0000000, 0x0000000100000000)
  region size 1024K, 2 young (2048K), 2 survivors (2048K)
 Metaspace       used 96322K, committed 97152K, reserved 1179648K
  class space    used 13370K, committed 13760K, reserved 1048576K
}
Event: 38.428 GC heap before
{Heap before GC invocations=65 (full 0):
 garbage-first heap   total 307200K, used 256621K [0x00000000c0000000, 0x0000000100000000)
  region size 1024K, 77 young (78848K), 2 survivors (2048K)
 Metaspace       used 96322K, committed 97152K, reserved 1179648K
  class space    used 13370K, committed 13760K, reserved 1048576K
}
Event: 38.430 GC heap after
{Heap after GC invocations=66 (full 0):
 garbage-first heap   total 307200K, used 181922K [0x00000000c0000000, 0x0000000100000000)
  region size 1024K, 5 young (5120K), 5 survivors (5120K)
 Metaspace       used 96322K, committed 97152K, reserved 1179648K
  class space    used 13370K, committed 13760K, reserved 1048576K
}
Event: 39.550 GC heap before
{Heap before GC invocations=66 (full 0):
 garbage-first heap   total 307200K, used 258722K [0x00000000c0000000, 0x0000000100000000)
  region size 1024K, 80 young (81920K), 5 survivors (5120K)
 Metaspace       used 96322K, committed 97152K, reserved 1179648K
  class space    used 13370K, committed 13760K, reserved 1048576K
}
Event: 39.555 GC heap after
{Heap after GC invocations=67 (full 0):
 garbage-first heap   total 307200K, used 183536K [0x00000000c0000000, 0x0000000100000000)
  region size 1024K, 6 young (6144K), 6 survivors (6144K)
 Metaspace       used 96322K, committed 97152K, reserved 1179648K
  class space    used 13370K, committed 13760K, reserved 1048576K
}
Event: 40.441 GC heap before
{Heap before GC invocations=67 (full 0):
 garbage-first heap   total 307200K, used 206064K [0x00000000c0000000, 0x0000000100000000)
  region size 1024K, 29 young (29696K), 6 survivors (6144K)
 Metaspace       used 96358K, committed 97152K, reserved 1179648K
  class space    used 13380K, committed 13760K, reserved 1048576K
}
Event: 40.448 GC heap after
{Heap after GC invocations=68 (full 0):
 garbage-first heap   total 307200K, used 184519K [0x00000000c0000000, 0x0000000100000000)
  region size 1024K, 7 young (7168K), 7 survivors (7168K)
 Metaspace       used 96358K, committed 97152K, reserved 1179648K
  class space    used 13380K, committed 13760K, reserved 1048576K
}
Event: 42.035 GC heap before
{Heap before GC invocations=69 (full 0):
 garbage-first heap   total 360448K, used 274631K [0x00000000c0000000, 0x0000000100000000)
  region size 1024K, 76 young (77824K), 7 survivors (7168K)
 Metaspace       used 102022K, committed 102784K, reserved 1179648K
  class space    used 14110K, committed 14464K, reserved 1048576K
}
Event: 42.049 GC heap after
{Heap after GC invocations=70 (full 0):
 garbage-first heap   total 360448K, used 192422K [0x00000000c0000000, 0x0000000100000000)
  region size 1024K, 10 young (10240K), 10 survivors (10240K)
 Metaspace       used 102022K, committed 102784K, reserved 1179648K
  class space    used 14110K, committed 14464K, reserved 1048576K
}
Event: 42.280 GC heap before
{Heap before GC invocations=70 (full 0):
 garbage-first heap   total 360448K, used 198566K [0x00000000c0000000, 0x0000000100000000)
  region size 1024K, 17 young (17408K), 10 survivors (10240K)
 Metaspace       used 103542K, committed 104320K, reserved 1179648K
  class space    used 14287K, committed 14656K, reserved 1048576K
}
Event: 42.288 GC heap after
{Heap after GC invocations=71 (full 0):
 garbage-first heap   total 360448K, used 193906K [0x00000000c0000000, 0x0000000100000000)
  region size 1024K, 2 young (2048K), 2 survivors (2048K)
 Metaspace       used 103542K, committed 104320K, reserved 1179648K
  class space    used 14287K, committed 14656K, reserved 1048576K
}
Event: 53.355 GC heap before
{Heap before GC invocations=71 (full 0):
 garbage-first heap   total 360448K, used 292210K [0x00000000c0000000, 0x0000000100000000)
  region size 1024K, 94 young (96256K), 2 survivors (2048K)
 Metaspace       used 109395K, committed 110272K, reserved 1179648K
  class space    used 14923K, committed 15360K, reserved 1048576K
}
Event: 53.376 GC heap after
{Heap after GC invocations=72 (full 0):
 garbage-first heap   total 360448K, used 202340K [0x00000000c0000000, 0x0000000100000000)
  region size 1024K, 10 young (10240K), 10 survivors (10240K)
 Metaspace       used 109395K, committed 110272K, reserved 1179648K
  class space    used 14923K, committed 15360K, reserved 1048576K
}

