# JRE version: OpenJDK Runtime Environment (17.0.7) (build 17.0.7+0-b2043.56-10550314)
# Java VM: OpenJDK 64-Bit Server VM (17.0.7+0-b2043.56-10550314, mixed mode, tiered, compressed oops, compressed class ptrs, g1 gc, windows-amd64)
GC Precious Log:
 CPUs: 12 total, 12 available
 Memory: 7598M
 Large Page Support: Disabled
 NUMA Support: Disabled
 Compressed Oops: Enabled (32-bit)
 Heap Region Size: 1M
 Heap Min Capacity: 8M
 Heap Initial Capacity: 120M
 Heap Max Capacity: 2G
 Pre-touch: Disabled
 Parallel Workers: 10
 Concurrent Workers: 3
 Concurrent Refinement Workers: 10
 Periodic GC: Disabled
Heap:
 garbage-first heap   total 152576K, used 91334K [0x0000000080000000, 0x0000000100000000)
  region size 1024K, 5 young (5120K), 3 survivors (3072K)
 Metaspace       used 58756K, committed 59392K, reserved 1114112K
  class space    used 7958K, committed 8256K, reserved 1048576K
GC Heap History (20 events):
Event: 5.385 GC heap before
{Heap before GC invocations=21 (full 0):
 garbage-first heap   total 107520K, used 76339K [0x0000000080000000, 0x0000000100000000)
  region size 1024K, 18 young (18432K), 4 survivors (4096K)
 Metaspace       used 49037K, committed 49536K, reserved 1114112K
  class space    used 6531K, committed 6784K, reserved 1048576K
}
Event: 5.390 GC heap after
{Heap after GC invocations=22 (full 0):
 garbage-first heap   total 129024K, used 65356K [0x0000000080000000, 0x0000000100000000)
  region size 1024K, 3 young (3072K), 3 survivors (3072K)
 Metaspace       used 49037K, committed 49536K, reserved 1114112K
  class space    used 6531K, committed 6784K, reserved 1048576K
}
Event: 6.107 GC heap before
{Heap before GC invocations=23 (full 0):
 garbage-first heap   total 129024K, used 101196K [0x0000000080000000, 0x0000000100000000)
  region size 1024K, 36 young (36864K), 3 survivors (3072K)
 Metaspace       used 52060K, committed 52608K, reserved 1114112K
  class space    used 6951K, committed 7168K, reserved 1048576K
}
Event: 6.109 GC heap after
{Heap after GC invocations=24 (full 0):
 garbage-first heap   total 129024K, used 66330K [0x0000000080000000, 0x0000000100000000)
  region size 1024K, 4 young (4096K), 4 survivors (4096K)
 Metaspace       used 52060K, committed 52608K, reserved 1114112K
  class space    used 6951K, committed 7168K, reserved 1048576K
}
Event: 6.714 GC heap before
{Heap before GC invocations=24 (full 0):
 garbage-first heap   total 129024K, used 101146K [0x0000000080000000, 0x0000000100000000)
  region size 1024K, 38 young (38912K), 4 survivors (4096K)
 Metaspace       used 55668K, committed 56256K, reserved 1114112K
  class space    used 7576K, committed 7808K, reserved 1048576K
}
Event: 6.719 GC heap after
{Heap after GC invocations=25 (full 0):
 garbage-first heap   total 129024K, used 68532K [0x0000000080000000, 0x0000000100000000)
  region size 1024K, 4 young (4096K), 4 survivors (4096K)
 Metaspace       used 55668K, committed 56256K, reserved 1114112K
  class space    used 7576K, committed 7808K, reserved 1048576K
}
Event: 7.478 GC heap before
{Heap before GC invocations=26 (full 0):
 garbage-first heap   total 129024K, used 101300K [0x0000000080000000, 0x0000000100000000)
  region size 1024K, 37 young (37888K), 4 survivors (4096K)
 Metaspace       used 57535K, committed 58240K, reserved 1114112K
  class space    used 7799K, committed 8128K, reserved 1048576K
}
Event: 7.483 GC heap after
{Heap after GC invocations=27 (full 0):
 garbage-first heap   total 129024K, used 72181K [0x0000000080000000, 0x0000000100000000)
  region size 1024K, 5 young (5120K), 5 survivors (5120K)
 Metaspace       used 57535K, committed 58240K, reserved 1114112K
  class space    used 7799K, committed 8128K, reserved 1048576K
}
Event: 7.561 GC heap before
{Heap before GC invocations=27 (full 0):
 garbage-first heap   total 129024K, used 78325K [0x0000000080000000, 0x0000000100000000)
  region size 1024K, 13 young (13312K), 5 survivors (5120K)
 Metaspace       used 57688K, committed 58368K, reserved 1114112K
  class space    used 7819K, committed 8128K, reserved 1048576K
}
Event: 7.564 GC heap after
{Heap after GC invocations=28 (full 0):
 garbage-first heap   total 129024K, used 73314K [0x0000000080000000, 0x0000000100000000)
  region size 1024K, 1 young (1024K), 1 survivors (1024K)
 Metaspace       used 57688K, committed 58368K, reserved 1114112K
  class space    used 7819K, committed 8128K, reserved 1048576K
}
Event: 7.609 GC heap before
{Heap before GC invocations=29 (full 0):
 garbage-first heap   total 129024K, used 76386K [0x0000000080000000, 0x0000000100000000)
  region size 1024K, 3 young (3072K), 1 survivors (1024K)
 Metaspace       used 57695K, committed 58368K, reserved 1114112K
  class space    used 7819K, committed 8128K, reserved 1048576K
}
Event: 7.611 GC heap after
{Heap after GC invocations=30 (full 0):
 garbage-first heap   total 129024K, used 76074K [0x0000000080000000, 0x0000000100000000)
  region size 1024K, 2 young (2048K), 2 survivors (2048K)
 Metaspace       used 57695K, committed 58368K, reserved 1114112K
  class space    used 7819K, committed 8128K, reserved 1048576K
}
Event: 7.734 GC heap before
{Heap before GC invocations=31 (full 0):
 garbage-first heap   total 133120K, used 82218K [0x0000000080000000, 0x0000000100000000)
  region size 1024K, 6 young (6144K), 2 survivors (2048K)
 Metaspace       used 57727K, committed 58368K, reserved 1114112K
  class space    used 7824K, committed 8128K, reserved 1048576K
}
Event: 7.736 GC heap after
{Heap after GC invocations=32 (full 0):
 garbage-first heap   total 133120K, used 81388K [0x0000000080000000, 0x0000000100000000)
  region size 1024K, 3 young (3072K), 3 survivors (3072K)
 Metaspace       used 57727K, committed 58368K, reserved 1114112K
  class space    used 7824K, committed 8128K, reserved 1048576K
}
Event: 7.771 GC heap before
{Heap before GC invocations=33 (full 0):
 garbage-first heap   total 143360K, used 85484K [0x0000000080000000, 0x0000000100000000)
  region size 1024K, 5 young (5120K), 3 survivors (3072K)
 Metaspace       used 57727K, committed 58368K, reserved 1114112K
  class space    used 7824K, committed 8128K, reserved 1048576K
}
Event: 7.773 GC heap after
{Heap after GC invocations=34 (full 0):
 garbage-first heap   total 143360K, used 86274K [0x0000000080000000, 0x0000000100000000)
  region size 1024K, 2 young (2048K), 2 survivors (2048K)
 Metaspace       used 57727K, committed 58368K, reserved 1114112K
  class space    used 7824K, committed 8128K, reserved 1048576K
}
Event: 7.838 GC heap before
{Heap before GC invocations=35 (full 0):
 garbage-first heap   total 148480K, used 89346K [0x0000000080000000, 0x0000000100000000)
  region size 1024K, 5 young (5120K), 2 survivors (2048K)
 Metaspace       used 57743K, committed 58368K, reserved 1114112K
  class space    used 7827K, committed 8128K, reserved 1048576K
}
Event: 7.840 GC heap after
{Heap after GC invocations=36 (full 0):
 garbage-first heap   total 148480K, used 87214K [0x0000000080000000, 0x0000000100000000)
  region size 1024K, 2 young (2048K), 2 survivors (2048K)
 Metaspace       used 57743K, committed 58368K, reserved 1114112K
  class space    used 7827K, committed 8128K, reserved 1048576K
}
Event: 7.964 GC heap before
{Heap before GC invocations=37 (full 0):
 garbage-first heap   total 152576K, used 99502K [0x0000000080000000, 0x0000000100000000)
  region size 1024K, 15 young (15360K), 2 survivors (2048K)
 Metaspace       used 58654K, committed 59328K, reserved 1114112K
  class space    used 7938K, committed 8256K, reserved 1048576K
}
Event: 7.966 GC heap after
{Heap after GC invocations=38 (full 0):
 garbage-first heap   total 152576K, used 89286K [0x0000000080000000, 0x0000000100000000)
  region size 1024K, 3 young (3072K), 3 survivors (3072K)
 Metaspace       used 58654K, committed 59328K, reserved 1114112K
  class space    used 7938K, committed 8256K, reserved 1048576K
}

